{"/home/andrey/Learning/frontend-project-lvl2/src/app.js": {"path":"/home/andrey/Learning/frontend-project-lvl2/src/app.js","all":false,"statementMap":{"0":{"start":{"line":1,"column":0},"end":{"line":1,"column":32}},"1":{"start":{"line":2,"column":0},"end":{"line":2,"column":24}},"2":{"start":{"line":3,"column":0},"end":{"line":3,"column":20}},"3":{"start":{"line":4,"column":0},"end":{"line":4,"column":23}},"4":{"start":{"line":5,"column":0},"end":{"line":5,"column":28}},"5":{"start":{"line":6,"column":0},"end":{"line":6,"column":31}},"6":{"start":{"line":7,"column":0},"end":{"line":7,"column":0}},"7":{"start":{"line":8,"column":0},"end":{"line":8,"column":48}},"8":{"start":{"line":9,"column":0},"end":{"line":9,"column":46}},"9":{"start":{"line":10,"column":0},"end":{"line":10,"column":47}},"10":{"start":{"line":11,"column":0},"end":{"line":11,"column":51}},"11":{"start":{"line":12,"column":0},"end":{"line":12,"column":51}},"12":{"start":{"line":13,"column":0},"end":{"line":13,"column":33}},"13":{"start":{"line":14,"column":0},"end":{"line":14,"column":33}},"14":{"start":{"line":15,"column":0},"end":{"line":15,"column":51}},"15":{"start":{"line":16,"column":0},"end":{"line":16,"column":0}},"16":{"start":{"line":17,"column":0},"end":{"line":17,"column":26}},"17":{"start":{"line":18,"column":0},"end":{"line":18,"column":36}},"18":{"start":{"line":19,"column":0},"end":{"line":19,"column":44}},"19":{"start":{"line":20,"column":0},"end":{"line":20,"column":5}},"20":{"start":{"line":21,"column":0},"end":{"line":21,"column":50}},"21":{"start":{"line":22,"column":0},"end":{"line":22,"column":44}},"22":{"start":{"line":23,"column":0},"end":{"line":23,"column":5}},"23":{"start":{"line":24,"column":0},"end":{"line":24,"column":50}},"24":{"start":{"line":25,"column":0},"end":{"line":25,"column":44}},"25":{"start":{"line":26,"column":0},"end":{"line":26,"column":5}},"26":{"start":{"line":27,"column":0},"end":{"line":27,"column":70}},"27":{"start":{"line":28,"column":0},"end":{"line":28,"column":4}},"28":{"start":{"line":29,"column":0},"end":{"line":29,"column":32}},"29":{"start":{"line":30,"column":0},"end":{"line":30,"column":80}},"30":{"start":{"line":31,"column":0},"end":{"line":31,"column":30}},"31":{"start":{"line":32,"column":0},"end":{"line":32,"column":2}},"32":{"start":{"line":33,"column":0},"end":{"line":33,"column":19}},"33":{"start":{"line":34,"column":0},"end":{"line":34,"column":9}},"34":{"start":{"line":35,"column":0},"end":{"line":35,"column":21}},"35":{"start":{"line":36,"column":0},"end":{"line":36,"column":41}},"36":{"start":{"line":37,"column":0},"end":{"line":37,"column":76}},"37":{"start":{"line":38,"column":0},"end":{"line":38,"column":51}},"38":{"start":{"line":39,"column":0},"end":{"line":39,"column":39}},"39":{"start":{"line":40,"column":0},"end":{"line":40,"column":49}},"40":{"start":{"line":41,"column":0},"end":{"line":41,"column":7}},"41":{"start":{"line":42,"column":0},"end":{"line":42,"column":0}},"42":{"start":{"line":43,"column":0},"end":{"line":43,"column":30}},"43":{"start":{"line":44,"column":0},"end":{"line":44,"column":2}},"44":{"start":{"line":45,"column":0},"end":{"line":45,"column":0}},"45":{"start":{"line":46,"column":0},"end":{"line":46,"column":24}}},"s":{"0":1,"1":1,"2":1,"3":1,"4":1,"5":1,"6":1,"7":1,"8":1,"9":1,"10":1,"11":1,"12":1,"13":1,"14":5,"15":1,"16":5,"17":5,"18":5,"19":2,"20":5,"21":5,"22":1,"23":1,"24":1,"25":1,"26":1,"27":5,"28":1,"29":1,"30":0,"31":0,"32":0,"33":0,"34":0,"35":0,"36":0,"37":0,"38":0,"39":1,"40":1,"41":1,"42":1,"43":1,"44":1,"45":1},"branchMap":{"0":{"type":"branch","line":1,"loc":{"start":{"line":1,"column":0},"end":{"line":40,"column":30}},"locations":[{"start":{"line":1,"column":0},"end":{"line":40,"column":30}}]},"1":{"type":"branch","line":4,"loc":{"start":{"line":4,"column":13},"end":{"line":30,"column":24}},"locations":[{"start":{"line":4,"column":13},"end":{"line":30,"column":24}}]},"2":{"type":"branch","line":14,"loc":{"start":{"line":14,"column":13},"end":{"line":25,"column":36}},"locations":[{"start":{"line":14,"column":13},"end":{"line":25,"column":36}}]},"3":{"type":"branch","line":15,"loc":{"start":{"line":15,"column":26},"end":{"line":17,"column":25}},"locations":[{"start":{"line":15,"column":26},"end":{"line":17,"column":25}}]},"4":{"type":"branch","line":17,"loc":{"start":{"line":17,"column":25},"end":{"line":18,"column":25}},"locations":[{"start":{"line":17,"column":25},"end":{"line":18,"column":25}}]},"5":{"type":"branch","line":18,"loc":{"start":{"line":18,"column":25},"end":{"line":19,"column":9}},"locations":[{"start":{"line":18,"column":25},"end":{"line":19,"column":9}}]},"6":{"type":"branch","line":19,"loc":{"start":{"line":19,"column":11},"end":{"line":21,"column":40}},"locations":[{"start":{"line":19,"column":11},"end":{"line":21,"column":40}}]},"7":{"type":"branch","line":21,"loc":{"start":{"line":21,"column":40},"end":{"line":22,"column":9}},"locations":[{"start":{"line":21,"column":40},"end":{"line":22,"column":9}}]},"8":{"type":"branch","line":22,"loc":{"start":{"line":22,"column":11},"end":{"line":25,"column":35}},"locations":[{"start":{"line":22,"column":11},"end":{"line":25,"column":35}}]},"9":{"type":"branch","line":27,"loc":{"start":{"line":27,"column":55},"end":{"line":29,"column":12}},"locations":[{"start":{"line":27,"column":55},"end":{"line":29,"column":12}}]}},"b":{"0":[1],"1":[1],"2":[5],"3":[1],"4":[4],"5":[3],"6":[2],"7":[1],"8":[1],"9":[5]},"fnMap":{"0":{"name":"genDiff","decl":{"start":{"line":4,"column":13},"end":{"line":30,"column":24}},"loc":{"start":{"line":4,"column":13},"end":{"line":30,"column":24}},"line":4},"1":{"name":"func","decl":{"start":{"line":14,"column":13},"end":{"line":25,"column":36}},"loc":{"start":{"line":14,"column":13},"end":{"line":25,"column":36}},"line":14},"2":{"name":"app","decl":{"start":{"line":30,"column":38},"end":{"line":40,"column":2}},"loc":{"start":{"line":30,"column":38},"end":{"line":40,"column":2}},"line":30}},"f":{"0":1,"1":5,"2":0}}
}
