TN:
SF:src/app.js
FN:4,genDiff
FN:14,func
FN:30,app
FNF:3
FNH:2
FNDA:1,genDiff
FNDA:5,func
FNDA:0,app
DA:1,1
DA:2,1
DA:3,1
DA:4,1
DA:5,1
DA:6,1
DA:7,1
DA:8,1
DA:9,1
DA:10,1
DA:11,1
DA:12,1
DA:13,1
DA:14,1
DA:15,5
DA:16,1
DA:17,5
DA:18,5
DA:19,5
DA:20,2
DA:21,5
DA:22,5
DA:23,1
DA:24,1
DA:25,1
DA:26,1
DA:27,1
DA:28,5
DA:29,1
DA:30,1
DA:31,0
DA:32,0
DA:33,0
DA:34,0
DA:35,0
DA:36,0
DA:37,0
DA:38,0
DA:39,0
DA:40,1
DA:41,1
DA:42,1
DA:43,1
DA:44,1
DA:45,1
DA:46,1
LF:46
LH:37
BRDA:1,0,0,1
BRDA:4,1,0,1
BRDA:14,2,0,5
BRDA:15,3,0,1
BRDA:17,4,0,4
BRDA:18,5,0,3
BRDA:19,6,0,2
BRDA:21,7,0,1
BRDA:22,8,0,1
BRDA:27,9,0,5
BRF:10
BRH:10
end_of_record
